Build started 10/5/2012 2:37:04 PM.
     1>Project "C:\Users\Chinki\Documents\GitHub\Project2-Pathtracer\PROJ1_WIN\565Raytracer\565Raytracer.vcxproj" on node 2 (build target(s)).
     1>InitializeBuildStatus:
         Touching "Debug\565Raytracer.unsuccessfulbuild".
       AddCudaCompileDeps:
       Skipping target "AddCudaCompileDeps" because all output files are up-to-date with respect to the input files.
       AddCudaCompilePropsDeps:
       Skipping target "AddCudaCompilePropsDeps" because all output files are up-to-date with respect to the input files.
       CudaBuild:
         Compiling CUDA source file ..\..\src\raytraceKernel.cu...
         cmd.exe /C "C:\Users\Chinki\AppData\Local\Temp\a0846c9b51294dfcb22cd7340f0627e4.cmd"
         "C:\Program Files\NVIDIA GPU Computing Toolkit\CUDA\v4.2\bin\nvcc.exe" -gencode=arch=compute_10,code=\"sm_10,compute_10\" --use-local-env --cl-version 2010 -ccbin "C:\Program Files (x86)\Microsoft Visual Studio 10.0\VC\bin" -I"C:\Program Files\NVIDIA GPU Computing Toolkit\CUDA\v4.2\include" -I"C:/ProgramData/NVIDIA Corporation/NVIDIA GPU Computing SDK 4.2/C/common/inc" -I"../shared/glew/includes" -I"../shared/freeglut/includes" -I"C:\Program Files\NVIDIA GPU Computing Toolkit\CUDA\v4.2\include"  -G0  --keep-dir "Debug" -maxrregcount=0  --machine 32 --compile  -D_NEXUS_DEBUG -g    -Xcompiler "/EHsc /nologo /Od /Zi  /MDd " -o "C:\Users\Chinki\Documents\GitHub\Project2-Pathtracer\PROJ1_WIN\565Raytracer\Win32/Debug/raytraceKernel.cu.obj" "C:\Users\Chinki\Documents\GitHub\Project2-Pathtracer\src\raytraceKernel.cu"
         
         C:\Users\Chinki\Documents\GitHub\Project2-Pathtracer\PROJ1_WIN\565Raytracer>"C:\Program Files\NVIDIA GPU Computing Toolkit\CUDA\v4.2\bin\nvcc.exe" -gencode=arch=compute_10,code=\"sm_10,compute_10\" --use-local-env --cl-version 2010 -ccbin "C:\Program Files (x86)\Microsoft Visual Studio 10.0\VC\bin" -I"C:\Program Files\NVIDIA GPU Computing Toolkit\CUDA\v4.2\include" -I"C:/ProgramData/NVIDIA Corporation/NVIDIA GPU Computing SDK 4.2/C/common/inc" -I"../shared/glew/includes" -I"../shared/freeglut/includes" -I"C:\Program Files\NVIDIA GPU Computing Toolkit\CUDA\v4.2\include"  -G0  --keep-dir "Debug" -maxrregcount=0  --machine 32 --compile  -D_NEXUS_DEBUG -g    -Xcompiler "/EHsc /nologo /Od /Zi  /MDd " -o "C:\Users\Chinki\Documents\GitHub\Project2-Pathtracer\PROJ1_WIN\565Raytracer\Win32/Debug/raytraceKernel.cu.obj" "C:\Users\Chinki\Documents\GitHub\Project2-Pathtracer\src\raytraceKernel.cu" 
         raytraceKernel.cu
         tmpxft_00004ffc_00000000-0_raytraceKernel.cudafe1.gpu
     1>c:\users\chinki\documents\github\project2-pathtracer\src\intersections.h(38): error : identifier "EPSILON" is undefined in device code
         
     1>c:\users\chinki\documents\github\project2-pathtracer\src\interactions.h(68): error : identifier "TWO_PI" is undefined in device code
         
     1>c:\users\chinki\documents\github\project2-pathtracer\src\interactions.h(73): error : identifier "SQRT_OF_ONE_THIRD" is undefined in device code
         
     1>C:/Users/Chinki/Documents/GitHub/Project2-Pathtracer/src/raytraceKernel.cu(59): error : identifier "PI" is undefined in device code
         
     1>C:/Users/Chinki/Documents/GitHub/Project2-Pathtracer/src/raytraceKernel.cu(149): error : identifier "EPSILON" is undefined in device code
         
         5 errors detected in the compilation of "C:/Users/Chinki/AppData/Local/Temp/tmpxft_00004ffc_00000000-4_raytraceKernel.cpp2.i".
     1>C:\Users\Chinki\Documents\GitHub\Project2-Pathtracer\PROJ1_WIN\Build\CUDA 4.0.targets(357,9): error MSB3721: The command ""C:\Program Files\NVIDIA GPU Computing Toolkit\CUDA\v4.2\bin\nvcc.exe" -gencode=arch=compute_10,code=\"sm_10,compute_10\" --use-local-env --cl-version 2010 -ccbin "C:\Program Files (x86)\Microsoft Visual Studio 10.0\VC\bin" -I"C:\Program Files\NVIDIA GPU Computing Toolkit\CUDA\v4.2\include" -I"C:/ProgramData/NVIDIA Corporation/NVIDIA GPU Computing SDK 4.2/C/common/inc" -I"../shared/glew/includes" -I"../shared/freeglut/includes" -I"C:\Program Files\NVIDIA GPU Computing Toolkit\CUDA\v4.2\include"  -G0  --keep-dir "Debug" -maxrregcount=0  --machine 32 --compile  -D_NEXUS_DEBUG -g    -Xcompiler "/EHsc /nologo /Od /Zi  /MDd " -o "C:\Users\Chinki\Documents\GitHub\Project2-Pathtracer\PROJ1_WIN\565Raytracer\Win32/Debug/raytraceKernel.cu.obj" "C:\Users\Chinki\Documents\GitHub\Project2-Pathtracer\src\raytraceKernel.cu"" exited with code 2.
     1>Done Building Project "C:\Users\Chinki\Documents\GitHub\Project2-Pathtracer\PROJ1_WIN\565Raytracer\565Raytracer.vcxproj" (build target(s)) -- FAILED.

Build FAILED.

Time Elapsed 00:00:01.23
